   1            / Program : Add01.pal
   2            / Date : 1/29/2015
   3            /
   4            / Desc : This program test the tad command
   5            /
   6            /-------------------------------------------
   7            /
   8            / Code Section
   9            /
  10            *0200			/ start at address 0200
  11 00200 7300 Main, 	cla cll 	/ clear AC and Link
  12 00201 1250 	tad A 		/ Add Positive with Zero AC - TEST 1
  13 00202 1251 	tad B 		/ Add Positive to Positive - TEST 2
  14 00203 1252 	tad C       / Add Zero to Positive AC - TEST 3
  15 00204 7300 	cla cll		/ clear AC and Link
  16 00205 1252 	tad C       / Add Zero to Zero - TEST 4
  17 00206 1253 	tad D       / Add Negative to Zero AC - TEST 5
  18 00207 1250 	tad A		/ Add Positive to Negative AC Results in Zero - TEST 6
  19 00210 1254 	tad E		/ Add Negative to Zero AC
  20 00211 1252 	tad C		/ Add Zero to Negative AC - TEST 7
  21 00212 1250 	tad A       / Add Positive to Negative AC Result Negative - TEST 8
  22 00213 1260 	tad I       / Add Positive to Negative AC Result Positive - TEST 9
  23 00214 7300 	cla cll     / clear AC and Link
  24 00215 1250 	tad A       / Add Positive to Zero AC 
  25 00216 1253 	tad D       / Add Negative to Positive AC Result Zero - TEST 10
  26 00217 1250 	tad A       / Add Positive to Zero AC
  27 00220 1254 	tad E       / Add Negative to Positive AC Result Negative - TEST 11
  28 00221 7300 	cla cll     / clear AC and Link
  29 00222 1251 	tad B       / Add Positive to Zero AC
  30 00223 1253 	tad D       / Add Negative to Positive AC Result Positive - TEST 12
  31 00224 7300     cla cll     / clear AC and Link
  32 00225 1256 	tad G       / Add largest possible positive 
  33 00226 1256 	tad G       / Add largest possible positive Result Overflow, Carryout of Zero - TEST 13
  34 00227 7300 	cla cll     / clear AC and Link
  35 00230 1257 	tad H       / Add largest possible negative 
  36 00231 1257 	tad H       / Add largest possible negative Result Overflow, Carryout of One - TEST 14
  37 00232 7300 	cla cll     / clear AC and Link
  38 00233 1256 	tad G       / Add largest possible positive
  39 00234 1257 	tad H       / Add largest possible negative/positive Result negative - TEST 15
  40 00235 7300 	cla cll     / clear AC and Link
  41 00236 1256 	tad G       / Add largest possible negative
  42 00237 1257 	tad H       / Add largest possible positive/negative Result negative - TEST 16
  43 00240 7300 	cla cll     / clear AC and Link
  44 00241 1253 	tad D       / Add negative 
  45 00242 1254 	tad E       / Add negative to negative AC - TEST 17
  46 00243 7402 	hlt 		/ Halt program
  47 00244 5200 	jmp Main	/ To continue - goto Main
  48            /
  49            / Data Section
  50            /
  51            *0250 			/ place data at address 0250
  52 00250 0002 A, 	2 		
  53 00251 0003 B, 	3 		
  54 00252 0000 C, 	0		
  55 00253 7776 D, -2
  56 00254 7773 E, -5
  57 00255 7773 F, -5
  58 00256 3777 G,  3777
  59 00257 4000 H,  4000
  60 00260 0005 I, 5
  61            
  62            $Main 			/ End of Program; Main is entry point